<?xml version="1.0" encoding="UTF-8"?>
<!-- Generated by org.testng.reporters.JUnitReportReporter -->
<testsuite skipped="0" hostname="AKAPOOR4XJS022" name="com.TGMS.CBRCount_Negative_Scenarios.Get_By_Valid_OwnerAndPartnerID_Invalid_OwnerAddress" tests="1" failures="0" timestamp="28 Feb 2019 07:09:53 GMT" time="2.697" errors="0">
  <testcase name="get_CBRCount" time="2.697" classname="com.TGMS.CBRCount_Negative_Scenarios.Get_By_Valid_OwnerAndPartnerID_Invalid_OwnerAddress"/>
</testsuite> <!-- com.TGMS.CBRCount_Negative_Scenarios.Get_By_Valid_OwnerAndPartnerID_Invalid_OwnerAddress -->
