<?xml version="1.0" encoding="UTF-8"?>
<!-- Generated by org.testng.reporters.JUnitReportReporter -->
<testsuite skipped="0" hostname="AKAPOOR4XJS022" name="com.CBRCount.tests.negative.Get_By_Valid_Owner_Invalid_PartnerAdd" tests="1" failures="0" timestamp="07 Aug 2019 05:37:03 GMT" time="3.101" errors="0">
  <testcase name="get_CBRCount" time="3.101" classname="com.CBRCount.tests.negative.Get_By_Valid_Owner_Invalid_PartnerAdd"/>
</testsuite> <!-- com.CBRCount.tests.negative.Get_By_Valid_Owner_Invalid_PartnerAdd -->
