<?xml version="1.0" encoding="UTF-8"?>
<!-- Generated by org.testng.reporters.JUnitReportReporter -->
<testsuite skipped="0" hostname="AKAPOOR4XJS022" name="com.CBRCount.tests.positive.Get_By_Partner_UserID" tests="1" failures="0" timestamp="07 Aug 2019 05:43:45 GMT" time="5.075" errors="0">
  <testcase name="get_CBRCount" time="5.075" classname="com.CBRCount.tests.positive.Get_By_Partner_UserID"/>
</testsuite> <!-- com.CBRCount.tests.positive.Get_By_Partner_UserID -->
