<?xml version="1.0" encoding="UTF-8"?>
<!-- Generated by org.testng.reporters.JUnitReportReporter -->
<testsuite skipped="0" hostname="AKAPOOR4XJS022" name="com.TGMS.CBRCount_Positive_Scenarios.Get_By_Partner_MaxCharAddress" tests="1" failures="0" timestamp="27 Feb 2019 09:51:41 GMT" time="6.819" errors="0">
  <testcase name="get_CBRCount" time="6.819" classname="com.TGMS.CBRCount_Positive_Scenarios.Get_By_Partner_MaxCharAddress"/>
</testsuite> <!-- com.TGMS.CBRCount_Positive_Scenarios.Get_By_Partner_MaxCharAddress -->
