<?xml version="1.0" encoding="UTF-8"?>
<!-- Generated by org.testng.reporters.JUnitReportReporter -->
<testsuite skipped="0" hostname="AKAPOOR4XJS022" name="com.TGMS.CBRCount_Negative_Scenarios.Get_By_Invalid_OwnerAndPartnerAddress" tests="1" failures="0" timestamp="26 Feb 2019 12:01:03 GMT" time="0.646" errors="0">
  <testcase name="get_CBRCount" time="0.646" classname="com.TGMS.CBRCount_Negative_Scenarios.Get_By_Invalid_OwnerAndPartnerAddress"/>
</testsuite> <!-- com.TGMS.CBRCount_Negative_Scenarios.Get_By_Invalid_OwnerAndPartnerAddress -->
