<?xml version="1.0" encoding="UTF-8"?>
<!-- Generated by org.testng.reporters.JUnitReportReporter -->
<testsuite skipped="0" hostname="AKAPOOR4XJS022" name="com.TGMS.CBRCount_Positive_Scenarios.Get_CBR_COUNT_OwnerAddress" tests="1" failures="0" timestamp="27 Nov 2018 10:25:55 GMT" time="2.087" errors="0">
  <testcase name="get_CBRCount" time="2.087" classname="com.TGMS.CBRCount_Positive_Scenarios.Get_CBR_COUNT_OwnerAddress"/>
</testsuite> <!-- com.TGMS.CBRCount_Positive_Scenarios.Get_CBR_COUNT_OwnerAddress -->
