<?xml version="1.0" encoding="UTF-8"?>
<!-- Generated by org.testng.reporters.JUnitReportReporter -->
<testsuite skipped="0" hostname="AKAPOOR4XJS022" name="com.TGMS.CBRCount_Negative_Scenarios.Get_By_Invalid_Partner_UserID" tests="1" failures="0" timestamp="28 Feb 2019 06:11:32 GMT" time="2.481" errors="0">
  <testcase name="get_CBRCount" time="2.481" classname="com.TGMS.CBRCount_Negative_Scenarios.Get_By_Invalid_Partner_UserID"/>
</testsuite> <!-- com.TGMS.CBRCount_Negative_Scenarios.Get_By_Invalid_Partner_UserID -->
