<?xml version="1.0" encoding="UTF-8"?>
<!-- Generated by org.testng.reporters.JUnitReportReporter -->
<testsuite skipped="0" hostname="AKAPOOR4XJS022" name="com.CBRCount.tests.positive.Get_By_Partner_Address" tests="1" failures="0" timestamp="07 Aug 2019 05:43:45 GMT" time="4.473" errors="0">
  <testcase name="get_CBRCount" time="4.473" classname="com.CBRCount.tests.positive.Get_By_Partner_Address"/>
</testsuite> <!-- com.CBRCount.tests.positive.Get_By_Partner_Address -->
