<?xml version="1.0" encoding="UTF-8"?>
<!-- Generated by org.testng.reporters.JUnitReportReporter -->
<testsuite skipped="0" hostname="AKAPOOR4XJS022" name="com.CBRCount.tests.positive.Test1_Positive" tests="1" failures="0" timestamp="03 Apr 2019 06:03:39 GMT" time="2.725" errors="0">
  <testcase name="setup" time="2.725" classname="com.CBRCount.tests.positive.Test1_Positive"/>
</testsuite> <!-- com.CBRCount.tests.positive.Test1_Positive -->
