<?xml version="1.0" encoding="UTF-8"?>
<!-- Generated by org.testng.reporters.JUnitReportReporter -->
<testsuite skipped="0" hostname="AKAPOOR4XJS022" name="com.TGMS.CBRCount_Positive_Scenarios.Get_By_Partner_Address" tests="1" failures="0" timestamp="26 Feb 2019 12:01:03 GMT" time="3.515" errors="0">
  <testcase name="get_CBRCount" time="3.515" classname="com.TGMS.CBRCount_Positive_Scenarios.Get_By_Partner_Address"/>
</testsuite> <!-- com.TGMS.CBRCount_Positive_Scenarios.Get_By_Partner_Address -->
