<?xml version="1.0" encoding="UTF-8"?>
<!-- Generated by org.testng.reporters.JUnitReportReporter -->
<testsuite skipped="0" hostname="AKAPOOR4XJS022" name="com.CBRCount.tests.positive.ContentBasedRoutingTests" tests="1" failures="0" timestamp="09 Apr 2019 06:52:38 GMT" time="8.064" errors="0">
  <testcase name="testThatContentBasedRoutingIsGettableByOwnerId" time="8.064" classname="com.CBRCount.tests.positive.ContentBasedRoutingTests"/>
</testsuite> <!-- com.CBRCount.tests.positive.ContentBasedRoutingTests -->
