<?xml version="1.0" encoding="UTF-8"?>
<!-- Generated by org.testng.reporters.JUnitReportReporter -->
<testsuite skipped="0" hostname="AKAPOOR4XJS022" name="com.TGMS.CBRCount_Negative_Scenarios.Get_By_Direction_InvalidName" tests="1" failures="0" timestamp="14 Mar 2019 10:01:46 GMT" time="2.845" errors="0">
  <testcase name="get_CBRCount" time="2.845" classname="com.TGMS.CBRCount_Negative_Scenarios.Get_By_Direction_InvalidName"/>
</testsuite> <!-- com.TGMS.CBRCount_Negative_Scenarios.Get_By_Direction_InvalidName -->
