<?xml version="1.0" encoding="UTF-8"?>
<!-- Generated by org.testng.reporters.JUnitReportReporter -->
<testsuite skipped="0" hostname="AKAPOOR4XJS022" name="com.TGMS.CBRCOUNT.ExntentReportListener.ExtentReports" tests="1" failures="0" timestamp="26 Feb 2019 11:57:11 GMT" time="0.721" errors="0">
  <testcase name="GetTradanet" time="0.721" classname="com.TGMS.CBRCOUNT.ExntentReportListener.ExtentReports"/>
</testsuite> <!-- com.TGMS.CBRCOUNT.ExntentReportListener.ExtentReports -->
