<?xml version="1.0" encoding="UTF-8"?>
<!-- Generated by org.testng.reporters.JUnitReportReporter -->
<testsuite skipped="0" hostname="AKAPOOR4XJS022" name="com.CBRCount.tests.negative.Get_By_Invalid_PartnerAddress" tests="1" failures="0" timestamp="07 Aug 2019 05:37:03 GMT" time="0.684" errors="0">
  <testcase name="get_CBRCount" time="0.684" classname="com.CBRCount.tests.negative.Get_By_Invalid_PartnerAddress"/>
</testsuite> <!-- com.CBRCount.tests.negative.Get_By_Invalid_PartnerAddress -->
