<?xml version="1.0" encoding="UTF-8"?>
<!-- Generated by org.testng.reporters.JUnitReportReporter -->
<testsuite skipped="0" hostname="AKAPOOR4XJS022" name="com.CBRCount.tests.negative.Get_By_OwnerAdress_SpecialCharacters" tests="1" failures="0" timestamp="07 Aug 2019 05:37:03 GMT" time="0.689" errors="0">
  <testcase name="get_CBRCount1" time="0.689" classname="com.CBRCount.tests.negative.Get_By_OwnerAdress_SpecialCharacters"/>
</testsuite> <!-- com.CBRCount.tests.negative.Get_By_OwnerAdress_SpecialCharacters -->
