<?xml version="1.0" encoding="UTF-8"?>
<!-- Generated by org.testng.reporters.JUnitReportReporter -->
<testsuite skipped="0" hostname="AKAPOOR4XJS022" name="com.TGMS.CBRCount_Negative_Scenarios.Get_By_OwnerAdress_SpecialCharacters" tests="1" failures="0" timestamp="26 Feb 2019 11:27:47 GMT" time="2.779" errors="0">
  <testcase name="get_CBRCount1" time="2.779" classname="com.TGMS.CBRCount_Negative_Scenarios.Get_By_OwnerAdress_SpecialCharacters"/>
</testsuite> <!-- com.TGMS.CBRCount_Negative_Scenarios.Get_By_OwnerAdress_SpecialCharacters -->
