<?xml version="1.0" encoding="UTF-8"?>
<!-- Generated by org.testng.reporters.JUnitReportReporter -->
<testsuite skipped="0" hostname="AKAPOOR4XJS022" name="com.CBRCount.ExntentReportListener.ExtentReports" tests="1" failures="0" timestamp="24 Mar 2019 03:47:51 GMT" time="0.756" errors="0">
  <testcase name="GetTradanet" time="0.756" classname="com.CBRCount.ExntentReportListener.ExtentReports"/>
</testsuite> <!-- com.CBRCount.ExntentReportListener.ExtentReports -->
