<?xml version="1.0" encoding="UTF-8"?>
<!-- Generated by org.testng.reporters.JUnitReportReporter -->
<testsuite skipped="0" hostname="AKAPOOR4XJS022" name="com.CBRCount.tests.negative.Get_By_Direction_InvalidName" tests="1" failures="0" timestamp="01 Apr 2019 09:28:39 GMT" time="0.580" errors="0">
  <testcase name="get_CBRCount" time="0.580" classname="com.CBRCount.tests.negative.Get_By_Direction_InvalidName"/>
</testsuite> <!-- com.CBRCount.tests.negative.Get_By_Direction_InvalidName -->
