<?xml version="1.0" encoding="UTF-8"?>
<!-- Generated by org.testng.reporters.JUnitReportReporter -->
<testsuite skipped="0" hostname="AKAPOOR4XJS022" name="com.CBRCount.tests.positive.Get_By_OwnerAddress" tests="1" failures="0" timestamp="01 Apr 2019 09:34:02 GMT" time="3.697" errors="0">
  <testcase name="get_CBRCount1" time="3.697" classname="com.CBRCount.tests.positive.Get_By_OwnerAddress"/>
</testsuite> <!-- com.CBRCount.tests.positive.Get_By_OwnerAddress -->
