<?xml version="1.0" encoding="UTF-8"?>
<!-- Generated by org.testng.reporters.JUnitReportReporter -->
<testsuite skipped="0" hostname="AKAPOOR4XJS022" name="com.CBRCount.tests.positive.Get_By_Partner_MaxCharAddress" tests="1" failures="0" timestamp="01 Apr 2019 09:34:02 GMT" time="6.156" errors="0">
  <testcase name="get_CBRCount" time="6.156" classname="com.CBRCount.tests.positive.Get_By_Partner_MaxCharAddress"/>
</testsuite> <!-- com.CBRCount.tests.positive.Get_By_Partner_MaxCharAddress -->
